#
# There is insufficient memory for the Java Runtime Environment to continue.
# Native memory allocation (malloc) failed to allocate 262160 bytes for Chunk::new
# Possible reasons:
#   The system is out of physical RAM or swap space
#   In 32 bit mode, the process size limit was hit
# Possible solutions:
#   Reduce memory load on the system
#   Increase physical memory or swap space
#   Check if swap backing store is full
#   Use 64 bit Java on a 64 bit OS
#   Decrease Java heap size (-Xmx/-Xms)
#   Decrease number of Java threads
#   Decrease Java thread stack sizes (-Xss)
#   Set larger code cache with -XX:ReservedCodeCacheSize=
# This output file may be truncated or incomplete.
#
#  Out of Memory Error (allocation.cpp:390), pid=13128, tid=7208
#
# JRE version: Java(TM) SE Runtime Environment (8.0_25-b18) (build 1.8.0_25-b18)
# Java VM: Java HotSpot(TM) 64-Bit Server VM (25.25-b02 mixed mode windows-amd64 compressed oops)
# Failed to write core dump. Minidumps are not enabled by default on client versions of Windows
#

---------------  T H R E A D  ---------------

Current thread (0x0000000017007000):  JavaThread "C2 CompilerThread0" daemon [_thread_in_native, id=7208, stack(0x00000000175e0000,0x00000000176e0000)]

Stack: [0x00000000175e0000,0x00000000176e0000]
Native frames: (J=compiled Java code, j=interpreted, Vv=VM code, C=native code)
V  [jvm.dll+0x31667a]


Current CompileTask:
C2:   7445 1326   !   4       com.android.dx.cf.cst.ConstantPoolParser::parse0 (731 bytes)


---------------  P R O C E S S  ---------------

Java Threads: ( => current thread )
  0x00000000172b3000 JavaThread "pool-1-thread-4" [_thread_blocked, id=10460, stack(0x00000000187e0000,0x00000000188e0000)]
  0x00000000172fc800 JavaThread "pool-1-thread-3" [_thread_blocked, id=6972, stack(0x00000000186e0000,0x00000000187e0000)]
  0x00000000172fb800 JavaThread "pool-1-thread-2" [_thread_blocked, id=9380, stack(0x00000000185e0000,0x00000000186e0000)]
  0x00000000172a2000 JavaThread "pool-2-thread-1" [_thread_blocked, id=15352, stack(0x00000000184e0000,0x00000000185e0000)]
  0x00000000172a1800 JavaThread "pool-1-thread-1" [_thread_blocked, id=13724, stack(0x00000000183e0000,0x00000000184e0000)]
  0x00000000170a9000 JavaThread "Service Thread" daemon [_thread_blocked, id=4904, stack(0x00000000179e0000,0x0000000017ae0000)]
  0x0000000017011800 JavaThread "C1 CompilerThread3" daemon [_thread_blocked, id=7448, stack(0x00000000178e0000,0x00000000179e0000)]
  0x000000001700c000 JavaThread "C2 CompilerThread2" daemon [_thread_blocked, id=8944, stack(0x00000000177e0000,0x00000000178e0000)]
  0x000000001700a800 JavaThread "C2 CompilerThread1" daemon [_thread_blocked, id=14320, stack(0x00000000176e0000,0x00000000177e0000)]
=>0x0000000017007000 JavaThread "C2 CompilerThread0" daemon [_thread_in_native, id=7208, stack(0x00000000175e0000,0x00000000176e0000)]
  0x0000000017005800 JavaThread "Attach Listener" daemon [_thread_blocked, id=14944, stack(0x00000000174e0000,0x00000000175e0000)]
  0x0000000017005000 JavaThread "Signal Dispatcher" daemon [_thread_blocked, id=3932, stack(0x00000000173e0000,0x00000000174e0000)]
  0x0000000001fd2000 JavaThread "Finalizer" daemon [_thread_blocked, id=108, stack(0x0000000016ee0000,0x0000000016fe0000)]
  0x0000000001fd1000 JavaThread "Reference Handler" daemon [_thread_blocked, id=9020, stack(0x0000000016de0000,0x0000000016ee0000)]
  0x000000000063d800 JavaThread "main" [_thread_blocked, id=10892, stack(0x00000000023f0000,0x00000000024f0000)]

Other Threads:
  0x0000000015008800 VMThread [stack: 0x0000000016ce0000,0x0000000016de0000] [id=10988]
  0x00000000170aa000 WatcherThread [stack: 0x0000000017ae0000,0x0000000017be0000] [id=14732]

VM state:not at safepoint (normal execution)

VM Mutex/Monitor currently owned by a thread: None

Heap:
 PSYoungGen      total 38400K, used 31128K [0x00000000eab00000, 0x00000000ed580000, 0x0000000100000000)
  eden space 33280K, 78% used [0x00000000eab00000,0x00000000ec46e298,0x00000000ecb80000)
  from space 5120K, 99% used [0x00000000ed080000,0x00000000ed578060,0x00000000ed580000)
  to   space 5120K, 0% used [0x00000000ecb80000,0x00000000ecb80000,0x00000000ed080000)
 ParOldGen       total 87552K, used 5611K [0x00000000c0000000, 0x00000000c5580000, 0x00000000eab00000)
  object space 87552K, 6% used [0x00000000c0000000,0x00000000c057af50,0x00000000c5580000)
 Metaspace       used 6108K, capacity 7024K, committed 7296K, reserved 1056768K
  class space    used 593K, capacity 616K, committed 640K, reserved 1048576K

Card table byte_map: [0x00000000118b0000,0x0000000011ac0000] byte_map_base: 0x00000000112b0000

Marking Bits: (ParMarkBitMap*) 0x000000007370d490
 Begin Bits: [0x0000000012420000, 0x0000000013420000)
 End Bits:   [0x0000000013420000, 0x0000000014420000)

Polling page: 0x0000000000610000

CodeCache: size=245760Kb used=5214Kb max_used=5227Kb free=240545Kb
 bounds [0x00000000024f0000, 0x0000000002a10000, 0x00000000114f0000]
 total_blobs=1600 nmethods=1335 adapters=178
 compilation: disabled (not enough contiguous free space left)

Compilation events (10 events):
Event: 6.985 Thread 0x0000000017011800 1349       3       com.android.dx.ssa.SsaMethod::getCountReachableBlocks (44 bytes)
Event: 6.985 Thread 0x0000000017011800 nmethod 1349 0x0000000002a05590 code [0x0000000002a05760, 0x0000000002a05ff8]
Event: 6.985 Thread 0x0000000017011800 1350       3       com.android.dx.ssa.back.SsaToRop::convertBasicBlocks (151 bytes)
Event: 6.987 Thread 0x0000000017011800 nmethod 1350 0x0000000002a08190 code [0x0000000002a08480, 0x0000000002a09cd8]
Event: 6.987 Thread 0x0000000017011800 1352       3       com.android.dx.ssa.DomFront::<init> (60 bytes)
Event: 6.987 Thread 0x0000000017011800 nmethod 1352 0x0000000002a0aa10 code [0x0000000002a0aba0, 0x0000000002a0b1f0]
Event: 6.987 Thread 0x0000000017011800 1353       3       com.android.dx.ssa.DomFront::run (264 bytes)
Event: 6.992 Thread 0x000000001700c000 

Event: 6.993 Thread 0x000000001700a800 

Event: 6.995 Thread 0x0000000017011800 


GC Heap History (2 events):
Event: 6.104 GC heap before
{Heap before GC invocations=1 (full 0):
 PSYoungGen      total 38400K, used 33280K [0x00000000eab00000, 0x00000000ed580000, 0x0000000100000000)
  eden space 33280K, 100% used [0x00000000eab00000,0x00000000ecb80000,0x00000000ecb80000)
  from space 5120K, 0% used [0x00000000ed080000,0x00000000ed080000,0x00000000ed580000)
  to   space 5120K, 0% used [0x00000000ecb80000,0x00000000ecb80000,0x00000000ed080000)
 ParOldGen       total 87552K, used 0K [0x00000000c0000000, 0x00000000c5580000, 0x00000000eab00000)
  object space 87552K, 0% used [0x00000000c0000000,0x00000000c0000000,0x00000000c5580000)
 Metaspace       used 5959K, capacity 6960K, committed 7040K, reserved 1056768K
  class space    used 591K, capacity 616K, committed 640K, reserved 1048576K
Event: 6.931 GC heap after
Heap after GC invocations=1 (full 0):
 PSYoungGen      total 38400K, used 5097K [0x00000000eab00000, 0x00000000ed580000, 0x0000000100000000)
  eden space 33280K, 0% used [0x00000000eab00000,0x00000000eab00000,0x00000000ecb80000)
  from space 5120K, 99% used [0x00000000ecb80000,0x00000000ed07a438,0x00000000ed080000)
  to   space 5120K, 0% used [0x00000000ed080000,0x00000000ed080000,0x00000000ed580000)
 ParOldGen       total 87552K, used 1155K [0x00000000c0000000, 0x00000000c5580000, 0x00000000eab00000)
  object space 87552K, 1% used [0x00000000c0000000,0x00000000c0120e68,0x00000000c5580000)
 Metaspace       used 5959K, capacity 6960K, committed 7040K, reserved 1056768K
  class space    used 591K, capacity 616K, committed 640K, reserved 1048576K
}

Deoptimization events (10 events):
Event: 6.988 Thread 0x00000000172a1800 Uncommon trap: reason=bimorphic action=maybe_recompile pc=0x0000000002722848 method=java.util.HashMap.getNode(ILjava/lang/Object;)Ljava/util/HashMap$Node; @ 126
Event: 6.989 Thread 0x00000000172a1800 Uncommon trap: reason=class_check action=maybe_recompile pc=0x000000000296e87c method=java.util.HashMap.putVal(ILjava/lang/Object;Ljava/lang/Object;ZZ)Ljava/lang/Object; @ 203
Event: 6.989 Thread 0x00000000172a1800 Uncommon trap: reason=bimorphic action=maybe_recompile pc=0x0000000002722848 method=java.util.HashMap.getNode(ILjava/lang/Object;)Ljava/util/HashMap$Node; @ 126
Event: 6.989 Thread 0x00000000172a1800 Uncommon trap: reason=class_check action=maybe_recompile pc=0x000000000296e87c method=java.util.HashMap.putVal(ILjava/lang/Object;Ljava/lang/Object;ZZ)Ljava/lang/Object; @ 203
Event: 6.989 Thread 0x00000000172a1800 Uncommon trap: reason=bimorphic action=maybe_recompile pc=0x0000000002792d54 method=java.util.HashMap.getNode(ILjava/lang/Object;)Ljava/util/HashMap$Node; @ 126
Event: 6.999 Thread 0x00000000172b3000 Uncommon trap: reason=bimorphic action=maybe_recompile pc=0x00000000029ca9d0 method=com.android.dx.cf.code.BytecodeArray.parseInstruction(ILcom/android/dx/cf/code/BytecodeArray$Visitor;)I @ 1130
Event: 6.999 Thread 0x00000000172b3000 Uncommon trap: reason=bimorphic action=maybe_recompile pc=0x00000000029ca9d0 method=com.android.dx.cf.code.BytecodeArray.parseInstruction(ILcom/android/dx/cf/code/BytecodeArray$Visitor;)I @ 1130
Event: 6.999 Thread 0x00000000172b3000 Uncommon trap: reason=bimorphic action=maybe_recompile pc=0x00000000029ca9d0 method=com.android.dx.cf.code.BytecodeArray.parseInstruction(ILcom/android/dx/cf/code/BytecodeArray$Visitor;)I @ 1130
Event: 7.000 Thread 0x00000000172b3000 Uncommon trap: reason=bimorphic action=maybe_recompile pc=0x00000000029ca9d0 method=com.android.dx.cf.code.BytecodeArray.parseInstruction(ILcom/android/dx/cf/code/BytecodeArray$Visitor;)I @ 1130
Event: 7.007 Thread 0x00000000172b3000 Uncommon trap: reason=class_check action=maybe_recompile pc=0x000000000296e87c method=java.util.HashMap.putVal(ILjava/lang/Object;Ljava/lang/Object;ZZ)Ljava/lang/Object; @ 203

Internal exceptions (10 events):
Event: 4.933 Thread 0x00000000172fc800 Exception <a 'java/security/PrivilegedActionException'> (0x00000000eba6cb20) thrown at [D:\re\workspace\8-2-build-windows-amd64-cygwin\jdk8u25\1677\hotspot\src\share\vm\prims\jvm.cpp, line 1312]
Event: 4.979 Thread 0x000000000063d800 Exception <a 'java/security/PrivilegedActionException'> (0x00000000eba21ab8) thrown at [D:\re\workspace\8-2-build-windows-amd64-cygwin\jdk8u25\1677\hotspot\src\share\vm\prims\jvm.cpp, line 1312]
Event: 4.983 Thread 0x00000000172b3000 Exception <a 'java/security/PrivilegedActionException'> (0x00000000ebb4dc20) thrown at [D:\re\workspace\8-2-build-windows-amd64-cygwin\jdk8u25\1677\hotspot\src\share\vm\prims\jvm.cpp, line 1312]
Event: 5.016 Thread 0x00000000172a1800 Exception <a 'java/security/PrivilegedActionException'> (0x00000000ebc4aec8) thrown at [D:\re\workspace\8-2-build-windows-amd64-cygwin\jdk8u25\1677\hotspot\src\share\vm\prims\jvm.cpp, line 1312]
Event: 5.017 Thread 0x00000000172a1800 Exception <a 'java/security/PrivilegedActionException'> (0x00000000ebc508f0) thrown at [D:\re\workspace\8-2-build-windows-amd64-cygwin\jdk8u25\1677\hotspot\src\share\vm\prims\jvm.cpp, line 1312]
Event: 5.017 Thread 0x00000000172a1800 Exception <a 'java/security/PrivilegedActionException'> (0x00000000ebc560d0) thrown at [D:\re\workspace\8-2-build-windows-amd64-cygwin\jdk8u25\1677\hotspot\src\share\vm\prims\jvm.cpp, line 1312]
Event: 5.018 Thread 0x000000000063d800 Exception <a 'java/security/PrivilegedActionException'> (0x00000000ebd0c060) thrown at [D:\re\workspace\8-2-build-windows-amd64-cygwin\jdk8u25\1677\hotspot\src\share\vm\prims\jvm.cpp, line 1312]
Event: 5.429 Thread 0x00000000172a1800 Exception <a 'java/security/PrivilegedActionException'> (0x00000000ebca0dd8) thrown at [D:\re\workspace\8-2-build-windows-amd64-cygwin\jdk8u25\1677\hotspot\src\share\vm\prims\jvm.cpp, line 1312]
Event: 5.770 Thread 0x000000000063d800 Implicit null exception at 0x0000000002891ae2 to 0x0000000002891bd2
Event: 6.951 Thread 0x00000000172a1800 Exception <a 'java/security/PrivilegedActionException'> (0x00000000eaf7f778) thrown at [D:\re\workspace\8-2-build-windows-amd64-cygwin\jdk8u25\1677\hotspot\src\share\vm\prims\jvm.cpp, line 1312]

Events (10 events):
Event: 6.999 Thread 0x00000000172b3000 DEOPT UNPACKING pc=0x000000000253556a sp=0x00000000188de778 mode 2
Event: 6.999 Thread 0x00000000172b3000 Uncommon trap: trap_request=0xffffffc6 fr.pc=0x00000000029ca9d0
Event: 6.999 Thread 0x00000000172b3000 DEOPT PACKING pc=0x00000000029ca9d0 sp=0x00000000188de5a0
Event: 6.999 Thread 0x00000000172b3000 DEOPT UNPACKING pc=0x000000000253556a sp=0x00000000188de548 mode 2
Event: 7.000 Thread 0x00000000172b3000 Uncommon trap: trap_request=0xffffffc6 fr.pc=0x00000000029ca9d0
Event: 7.000 Thread 0x00000000172b3000 DEOPT PACKING pc=0x00000000029ca9d0 sp=0x00000000188de5a0
Event: 7.000 Thread 0x00000000172b3000 DEOPT UNPACKING pc=0x000000000253556a sp=0x00000000188de548 mode 2
Event: 7.007 Thread 0x00000000172b3000 Uncommon trap: trap_request=0xffffffde fr.pc=0x000000000296e87c
Event: 7.007 Thread 0x00000000172b3000 DEOPT PACKING pc=0x000000000296e87c sp=0x00000000188de7c0
Event: 7.007 Thread 0x00000000172b3000 DEOPT UNPACKING pc=0x000000000253556a sp=0x00000000188de738 mode 2


Dynamic libraries:
0x00007ff7a7840000 - 0x00007ff7a7874000 	C:\Program Files\Java\jdk1.8.0_25\bin\java.exe
0x00007ffb4ccb0000 - 0x00007ffb4ce71000 	C:\WINDOWS\SYSTEM32\ntdll.dll
0x00007ffb4a8a0000 - 0x00007ffb4a94d000 	C:\WINDOWS\system32\KERNEL32.DLL
0x00007ffb499b0000 - 0x00007ffb49b98000 	C:\WINDOWS\system32\KERNELBASE.dll
0x00007ffb4b2d0000 - 0x00007ffb4b377000 	C:\WINDOWS\system32\ADVAPI32.dll
0x00007ffb4a800000 - 0x00007ffb4a89d000 	C:\WINDOWS\system32\msvcrt.dll
0x00007ffb4acc0000 - 0x00007ffb4ad1b000 	C:\WINDOWS\system32\sechost.dll
0x00007ffb4b150000 - 0x00007ffb4b26c000 	C:\WINDOWS\system32\RPCRT4.dll
0x00007ffb4a6a0000 - 0x00007ffb4a7f6000 	C:\WINDOWS\system32\USER32.dll
0x00007ffb4b560000 - 0x00007ffb4b6e6000 	C:\WINDOWS\system32\GDI32.dll
0x00007ffb462e0000 - 0x00007ffb46554000 	C:\WINDOWS\WinSxS\amd64_microsoft.windows.common-controls_6595b64144ccf1df_6.0.10586.0_none_8c15ae12515e1c22\COMCTL32.dll
0x00007ffb4ad60000 - 0x00007ffb4afdd000 	C:\WINDOWS\system32\combase.dll
0x00007ffb49db0000 - 0x00007ffb49e1a000 	C:\WINDOWS\system32\bcryptPrimitives.dll
0x00007ffb4ad20000 - 0x00007ffb4ad5b000 	C:\WINDOWS\system32\IMM32.DLL
0x00007ffb48430000 - 0x00007ffb48557000 	C:\PROGRA~1\NVIDIA~1\NVSTRE~1\rxinput.dll
0x00007ffb4a4e0000 - 0x00007ffb4a623000 	C:\WINDOWS\system32\ole32.dll
0x00007ffb4b6f0000 - 0x00007ffb4cc4f000 	C:\WINDOWS\system32\SHELL32.dll
0x00007ffb49c50000 - 0x00007ffb49c93000 	C:\WINDOWS\system32\cfgmgr32.dll
0x00007ffb49360000 - 0x00007ffb499a4000 	C:\WINDOWS\system32\windows.storage.dll
0x00007ffb4ab20000 - 0x00007ffb4ab72000 	C:\WINDOWS\system32\shlwapi.dll
0x00007ffb492d0000 - 0x00007ffb492df000 	C:\WINDOWS\system32\kernel.appcore.dll
0x00007ffb49e20000 - 0x00007ffb49ed5000 	C:\WINDOWS\system32\shcore.dll
0x00007ffb492f0000 - 0x00007ffb4933b000 	C:\WINDOWS\system32\powrprof.dll
0x00007ffb49340000 - 0x00007ffb49354000 	C:\WINDOWS\system32\profapi.dll
0x00007ffb4ab80000 - 0x00007ffb4ac41000 	C:\WINDOWS\system32\OLEAUT32.dll
0x00007ffb4a0b0000 - 0x00007ffb4a4d9000 	C:\WINDOWS\system32\SETUPAPI.dll
0x00007ffb47050000 - 0x00007ffb47082000 	C:\Program Files (x86)\AVG\Av\avghooka.dll
0x0000000072b00000 - 0x0000000072bd2000 	C:\Program Files\Java\jdk1.8.0_25\jre\bin\msvcr100.dll
0x0000000072f30000 - 0x000000007378a000 	C:\Program Files\Java\jdk1.8.0_25\jre\bin\server\jvm.dll
0x00007ffb4b390000 - 0x00007ffb4b398000 	C:\WINDOWS\system32\PSAPI.DLL
0x00007ffb45940000 - 0x00007ffb45949000 	C:\WINDOWS\SYSTEM32\WSOCK32.dll
0x00007ffb4ac50000 - 0x00007ffb4acbb000 	C:\WINDOWS\system32\WS2_32.dll
0x00007ffb46160000 - 0x00007ffb46183000 	C:\WINDOWS\SYSTEM32\WINMM.dll
0x00007ffb46080000 - 0x00007ffb460ac000 	C:\WINDOWS\SYSTEM32\WINMMBASE.dll
0x0000000073f00000 - 0x0000000073f0f000 	C:\Program Files\Java\jdk1.8.0_25\jre\bin\verify.dll
0x0000000072f00000 - 0x0000000072f28000 	C:\Program Files\Java\jdk1.8.0_25\jre\bin\java.dll
0x0000000073ee0000 - 0x0000000073ef6000 	C:\Program Files\Java\jdk1.8.0_25\jre\bin\zip.dll

VM Arguments:
jvm_args: -Djava.awt.headless=true -Xmx1024M -Dfile.encoding=windows-1252 -Duser.country=GB -Duser.language=en -Duser.variant 
java_command: com.android.dx.command.Main --dex --num-threads=4 --output C:\Users\tien\AndroidStudioProjects\MyApplication\app\build\intermediates\pre-dexed\debug\com.android.support-design-23.1.1_44beff445aa79ccdf3fcb1b76985a66486707794.jar C:\Users\tien\AndroidStudioProjects\MyApplication\app\build\intermediates\exploded-aar\com.android.support\design\23.1.1\jars\classes.jar
java_class_path (initial): C:\Users\tien\AppData\Local\Android\sdk\build-tools\23.0.2\lib\dx.jar
Launcher Type: SUN_STANDARD

Environment Variables:
JAVA_HOME=C:\Program Files\Java\jdk1.8.0_25
PATH=C:\ProgramData\Oracle\Java\javapath;C:\WINDOWS\system32;C:\WINDOWS;C:\WINDOWS\System32\Wbem;C:\WINDOWS\System32\WindowsPowerShell\v1.0\;C:\Program Files (x86)\Microsoft SQL Server\100\Tools\Binn\;C:\Program Files\Microsoft SQL Server\100\Tools\Binn\;C:\Program Files\Microsoft SQL Server\100\DTS\Binn\;C:\Program Files (x86)\Windows Live\Shared;C:\Program Files\Microsoft\Web Platform Installer\;C:\Program Files (x86)\Microsoft ASP.NET\ASP.NET Web Pages\v1.0\;C:\Program Files (x86)\Windows Kits\8.0\Windows Performance Toolkit\;C:\Program Files\Microsoft SQL Server\110\Tools\Binn\;C:\Program Files (x86)\Livestreamer;C:\Program Files\nodejs\;C:\Program Files (x86)\NVIDIA Corporation\PhysX\Common;C:\WINDOWS\system32;C:\WINDOWS;C:\WINDOWS\System32\Wbem;C:\WINDOWS\System32\WindowsPowerShell\v1.0\;C:\Program Files (x86)\Skype\Phone\;C:\Users\tien\AppData\Roaming\npm;C:\Users\tien\AppData\Local\.meteor\
USERNAME=tien
OS=Windows_NT
PROCESSOR_IDENTIFIER=Intel64 Family 6 Model 42 Stepping 7, GenuineIntel



---------------  S Y S T E M  ---------------

OS: Windows 8.1 , 64 bit Build 9600 

CPU:total 8 (4 cores per cpu, 2 threads per core) family 6 model 42 stepping 7, cmov, cx8, fxsr, mmx, sse, sse2, sse3, ssse3, sse4.1, sse4.2, popcnt, avx, aes, clmul, ht, tsc, tscinvbit

Memory: 4k page, physical 8363084k(778460k free), swap 13074508k(17404k free)

vm_info: Java HotSpot(TM) 64-Bit Server VM (25.25-b02) for windows-amd64 JRE (1.8.0_25-b18), built on Oct  7 2014 14:25:37 by "java_re" with MS VC++ 10.0 (VS2010)

time: Sun Jan 03 02:41:38 2016
elapsed time: 7 seconds (0d 0h 0m 7s)

