#
# There is insufficient memory for the Java Runtime Environment to continue.
# Native memory allocation (malloc) failed to allocate 1759616 bytes for Chunk::new
# Possible reasons:
#   The system is out of physical RAM or swap space
#   In 32 bit mode, the process size limit was hit
# Possible solutions:
#   Reduce memory load on the system
#   Increase physical memory or swap space
#   Check if swap backing store is full
#   Use 64 bit Java on a 64 bit OS
#   Decrease Java heap size (-Xmx/-Xms)
#   Decrease number of Java threads
#   Decrease Java thread stack sizes (-Xss)
#   Set larger code cache with -XX:ReservedCodeCacheSize=
# This output file may be truncated or incomplete.
#
#  Out of Memory Error (allocation.cpp:390), pid=10536, tid=4784
#
# JRE version: Java(TM) SE Runtime Environment (8.0_25-b18) (build 1.8.0_25-b18)
# Java VM: Java HotSpot(TM) 64-Bit Server VM (25.25-b02 mixed mode windows-amd64 compressed oops)
# Failed to write core dump. Minidumps are not enabled by default on client versions of Windows
#

---------------  T H R E A D  ---------------

Current thread (0x000000001703d800):  JavaThread "C2 CompilerThread2" daemon [_thread_in_native, id=4784, stack(0x00000000177c0000,0x00000000178c0000)]

Stack: [0x00000000177c0000,0x00000000178c0000]
Native frames: (J=compiled Java code, j=interpreted, Vv=VM code, C=native code)
V  [jvm.dll+0x31667a]
V  [jvm.dll+0x267073]
V  [jvm.dll+0x267cb3]
V  [jvm.dll+0x25f5b5]
V  [jvm.dll+0xbf165]
V  [jvm.dll+0xbf60c]
V  [jvm.dll+0x45d672]
V  [jvm.dll+0x49e8ef]
V  [jvm.dll+0x452b41]
V  [jvm.dll+0x453864]
V  [jvm.dll+0x437372]
V  [jvm.dll+0x98a02]
V  [jvm.dll+0x991f3]
V  [jvm.dll+0x22bde4]
V  [jvm.dll+0x2852fa]
C  [msvcr100.dll+0x21d9f]
C  [msvcr100.dll+0x21e3b]
C  [KERNEL32.DLL+0x18102]
C  [ntdll.dll+0x5c2e4]


Current CompileTask:
C2:   8701 1356   !   4       com.android.dx.cf.cst.ConstantPoolParser::parse0 (731 bytes)


---------------  P R O C E S S  ---------------

Java Threads: ( => current thread )
  0x0000000017c67000 JavaThread "pool-1-thread-4" [_thread_blocked, id=6552, stack(0x00000000187c0000,0x00000000188c0000)]
  0x0000000017c66800 JavaThread "pool-1-thread-3" [_thread_blocked, id=14592, stack(0x00000000186c0000,0x00000000187c0000)]
  0x0000000017c21800 JavaThread "pool-1-thread-2" [_thread_blocked, id=3720, stack(0x00000000185c0000,0x00000000186c0000)]
  0x00000000173be000 JavaThread "pool-2-thread-1" [_thread_blocked, id=7708, stack(0x00000000184c0000,0x00000000185c0000)]
  0x0000000017c86800 JavaThread "pool-1-thread-1" [_thread_blocked, id=7608, stack(0x00000000183c0000,0x00000000184c0000)]
  0x000000001704c000 JavaThread "Service Thread" daemon [_thread_blocked, id=12676, stack(0x00000000179c0000,0x0000000017ac0000)]
  0x0000000017040000 JavaThread "C1 CompilerThread3" daemon [_thread_in_vm, id=11108, stack(0x00000000178c0000,0x00000000179c0000)]
=>0x000000001703d800 JavaThread "C2 CompilerThread2" daemon [_thread_in_native, id=4784, stack(0x00000000177c0000,0x00000000178c0000)]
  0x000000001703b800 JavaThread "C2 CompilerThread1" daemon [_thread_in_native, id=4140, stack(0x00000000176c0000,0x00000000177c0000)]
  0x0000000016fe6000 JavaThread "C2 CompilerThread0" daemon [_thread_in_native, id=7380, stack(0x00000000175c0000,0x00000000176c0000)]
  0x0000000016fe4800 JavaThread "Attach Listener" daemon [_thread_blocked, id=7004, stack(0x00000000174c0000,0x00000000175c0000)]
  0x0000000016fe4000 JavaThread "Signal Dispatcher" daemon [_thread_blocked, id=10904, stack(0x00000000173c0000,0x00000000174c0000)]
  0x00000000007d2000 JavaThread "Finalizer" daemon [_thread_blocked, id=5316, stack(0x0000000016ec0000,0x0000000016fc0000)]
  0x00000000007d1000 JavaThread "Reference Handler" daemon [_thread_blocked, id=13108, stack(0x0000000016dc0000,0x0000000016ec0000)]
  0x00000000005bd800 JavaThread "main" [_thread_blocked, id=14736, stack(0x00000000023d0000,0x00000000024d0000)]

Other Threads:
  0x0000000014ff8800 VMThread [stack: 0x0000000016cc0000,0x0000000016dc0000] [id=13984]
  0x000000001704d000 WatcherThread [stack: 0x0000000017ac0000,0x0000000017bc0000] [id=4212]

VM state:synchronizing (normal execution)

VM Mutex/Monitor currently owned by a thread:  ([mutex/lock_event])
[0x00000000005bbc10] CodeCache_lock - owner thread: 0x0000000017040000
[0x00000000005bc7e0] Threads_lock - owner thread: 0x0000000014ff8800
[0x00000000006e19d0] Compile_lock - owner thread: 0x0000000017040000
[0x00000000006e0c50] MethodCompileQueue_lock - owner thread: 0x0000000017040000

Heap:
 PSYoungGen      total 38400K, used 34376K [0x00000000eab00000, 0x00000000ef600000, 0x0000000100000000)
  eden space 33280K, 87% used [0x00000000eab00000,0x00000000ec794c30,0x00000000ecb80000)
  from space 5120K, 99% used [0x00000000ecb80000,0x00000000ed07d608,0x00000000ed080000)
  to   space 5120K, 0% used [0x00000000ef100000,0x00000000ef100000,0x00000000ef600000)
 ParOldGen       total 87552K, used 906K [0x00000000c0000000, 0x00000000c5580000, 0x00000000eab00000)
  object space 87552K, 1% used [0x00000000c0000000,0x00000000c00e2990,0x00000000c5580000)
 Metaspace       used 6120K, capacity 7088K, committed 7296K, reserved 1056768K
  class space    used 591K, capacity 616K, committed 640K, reserved 1048576K

Card table byte_map: [0x00000000118a0000,0x0000000011ab0000] byte_map_base: 0x00000000112a0000

Marking Bits: (ParMarkBitMap*) 0x000000007370d490
 Begin Bits: [0x0000000012410000, 0x0000000013410000)
 End Bits:   [0x0000000013410000, 0x0000000014410000)

Polling page: 0x0000000000510000

CodeCache: size=245760Kb used=6145Kb max_used=6145Kb free=239614Kb
 bounds [0x00000000024e0000, 0x0000000002af0000, 0x00000000114e0000]
 total_blobs=1754 nmethods=1489 adapters=178
 compilation: enabled

Compilation events (10 events):
Event: 7.007 Thread 0x0000000017040000 nmethod 1464 0x0000000002ab8f10 code [0x0000000002ab9480, 0x0000000002abd098]
Event: 7.007 Thread 0x0000000017040000 1465       3       com.android.dx.rop.cst.CstBaseMethodRef::getParameterWordCount (12 bytes)
Event: 7.008 Thread 0x0000000017040000 nmethod 1465 0x0000000002abff50 code [0x0000000002ac0100, 0x0000000002ac0968]
Event: 7.008 Thread 0x0000000017040000 1471       3       java.lang.System$2::getEnumConstantsShared (8 bytes)
Event: 7.008 Thread 0x0000000017040000 nmethod 1471 0x0000000002ac0c90 code [0x0000000002ac0e00, 0x0000000002ac1108]
Event: 7.008 Thread 0x0000000017040000 1476       3       com.android.dx.rop.cst.CstType::<init> (46 bytes)
Event: 7.008 Thread 0x0000000017040000 nmethod 1476 0x0000000002ac11d0 code [0x0000000002ac1360, 0x0000000002ac17d8]
Event: 7.008 Thread 0x0000000017040000 1472       3       com.android.dx.cf.attrib.AttLocalVariableTable::<init> (8 bytes)
Event: 7.008 Thread 0x0000000017040000 nmethod 1472 0x0000000002ac1990 code [0x0000000002ac1b00, 0x0000000002ac1ca8]
Event: 7.008 Thread 0x0000000017040000 1473       3       com.android.dx.cf.code.Ropper::setFirstFrame (31 bytes)

GC Heap History (2 events):
Event: 5.730 GC heap before
{Heap before GC invocations=1 (full 0):
 PSYoungGen      total 38400K, used 33280K [0x00000000eab00000, 0x00000000ed580000, 0x0000000100000000)
  eden space 33280K, 100% used [0x00000000eab00000,0x00000000ecb80000,0x00000000ecb80000)
  from space 5120K, 0% used [0x00000000ed080000,0x00000000ed080000,0x00000000ed580000)
  to   space 5120K, 0% used [0x00000000ecb80000,0x00000000ecb80000,0x00000000ed080000)
 ParOldGen       total 87552K, used 0K [0x00000000c0000000, 0x00000000c5580000, 0x00000000eab00000)
  object space 87552K, 0% used [0x00000000c0000000,0x00000000c0000000,0x00000000c5580000)
 Metaspace       used 5846K, capacity 6832K, committed 7040K, reserved 1056768K
  class space    used 586K, capacity 616K, committed 640K, reserved 1048576K
Event: 5.952 GC heap after
Heap after GC invocations=1 (full 0):
 PSYoungGen      total 38400K, used 5109K [0x00000000eab00000, 0x00000000ef600000, 0x0000000100000000)
  eden space 33280K, 0% used [0x00000000eab00000,0x00000000eab00000,0x00000000ecb80000)
  from space 5120K, 99% used [0x00000000ecb80000,0x00000000ed07d608,0x00000000ed080000)
  to   space 5120K, 0% used [0x00000000ef100000,0x00000000ef100000,0x00000000ef600000)
 ParOldGen       total 87552K, used 906K [0x00000000c0000000, 0x00000000c5580000, 0x00000000eab00000)
  object space 87552K, 1% used [0x00000000c0000000,0x00000000c00e2990,0x00000000c5580000)
 Metaspace       used 5846K, capacity 6832K, committed 7040K, reserved 1056768K
  class space    used 586K, capacity 616K, committed 640K, reserved 1048576K
}

Deoptimization events (5 events):
Event: 5.223 Thread 0x0000000017c21800 Uncommon trap: reason=unreached action=reinterpret pc=0x0000000002746f58 method=com.android.dx.rop.code.LocalItem.hashCode()I @ 25
Event: 5.506 Thread 0x00000000005bd800 Uncommon trap: reason=unreached action=reinterpret pc=0x000000000279755c method=com.android.dx.rop.cst.Constant.compareTo(Lcom/android/dx/rop/cst/Constant;)I @ 12
Event: 5.600 Thread 0x0000000017c66800 Uncommon trap: reason=unreached action=reinterpret pc=0x000000000278d6e4 method=com.android.dx.rop.code.LocalItem.hashCode()I @ 25
Event: 5.618 Thread 0x0000000017c66800 Uncommon trap: reason=unreached action=reinterpret pc=0x0000000002787320 method=com.android.dx.rop.code.LocalItem.hashCode()I @ 25
Event: 6.015 Thread 0x0000000017c21800 Uncommon trap: reason=null_check action=make_not_entrant pc=0x000000000290d848 method=com.android.dx.ssa.SsaRenamer.getLocalForNewReg(I)Lcom/android/dx/rop/code/LocalItem; @ 19

Internal exceptions (10 events):
Event: 5.034 Thread 0x0000000017c67000 Exception <a 'java/security/PrivilegedActionException'> (0x00000000ebd7d6c0) thrown at [D:\re\workspace\8-2-build-windows-amd64-cygwin\jdk8u25\1677\hotspot\src\share\vm\prims\jvm.cpp, line 1312]
Event: 5.191 Thread 0x0000000017c21800 Exception <a 'java/security/PrivilegedActionException'> (0x00000000ec079ed8) thrown at [D:\re\workspace\8-2-build-windows-amd64-cygwin\jdk8u25\1677\hotspot\src\share\vm\prims\jvm.cpp, line 1312]
Event: 6.015 Thread 0x0000000017c21800 Implicit null exception at 0x000000000290c399 to 0x000000000290d82d
Event: 6.058 Thread 0x00000000005bd800 Exception <a 'java/security/PrivilegedActionException'> (0x00000000eb562b40) thrown at [D:\re\workspace\8-2-build-windows-amd64-cygwin\jdk8u25\1677\hotspot\src\share\vm\prims\jvm.cpp, line 1312]
Event: 6.059 Thread 0x00000000005bd800 Exception <a 'java/security/PrivilegedActionException'> (0x00000000eb56ce38) thrown at [D:\re\workspace\8-2-build-windows-amd64-cygwin\jdk8u25\1677\hotspot\src\share\vm\prims\jvm.cpp, line 1312]
Event: 6.060 Thread 0x00000000005bd800 Exception <a 'java/security/PrivilegedActionException'> (0x00000000eb56f768) thrown at [D:\re\workspace\8-2-build-windows-amd64-cygwin\jdk8u25\1677\hotspot\src\share\vm\prims\jvm.cpp, line 1312]
Event: 6.061 Thread 0x00000000005bd800 Exception <a 'java/security/PrivilegedActionException'> (0x00000000eb57fa10) thrown at [D:\re\workspace\8-2-build-windows-amd64-cygwin\jdk8u25\1677\hotspot\src\share\vm\prims\jvm.cpp, line 1312]
Event: 6.102 Thread 0x0000000017c86800 Exception <a 'java/security/PrivilegedActionException'> (0x00000000eb858360) thrown at [D:\re\workspace\8-2-build-windows-amd64-cygwin\jdk8u25\1677\hotspot\src\share\vm\prims\jvm.cpp, line 1312]
Event: 6.103 Thread 0x0000000017c86800 Exception <a 'java/security/PrivilegedActionException'> (0x00000000eb85dd88) thrown at [D:\re\workspace\8-2-build-windows-amd64-cygwin\jdk8u25\1677\hotspot\src\share\vm\prims\jvm.cpp, line 1312]
Event: 6.103 Thread 0x0000000017c86800 Exception <a 'java/security/PrivilegedActionException'> (0x00000000eb863568) thrown at [D:\re\workspace\8-2-build-windows-amd64-cygwin\jdk8u25\1677\hotspot\src\share\vm\prims\jvm.cpp, line 1312]

Events (10 events):
Event: 6.061 loading class com/android/dx/cf/attrib/AttExceptions
Event: 6.061 loading class com/android/dx/cf/attrib/AttExceptions done
Event: 6.102 loading class com/android/dx/dex/file/ParameterAnnotationStruct
Event: 6.102 loading class com/android/dx/dex/file/ParameterAnnotationStruct done
Event: 6.103 loading class com/android/dx/dex/file/UniformListItem
Event: 6.103 loading class com/android/dx/dex/file/UniformListItem done
Event: 6.103 loading class com/android/dx/dex/file/AnnotationSetRefItem
Event: 6.103 loading class com/android/dx/dex/file/AnnotationSetRefItem done
Event: 6.139 Thread 0x0000000017c67000 DEOPT PACKING pc=0x000000000286172c sp=0x00000000188be4f0
Event: 6.139 Thread 0x0000000017c67000 DEOPT UNPACKING pc=0x00000000025275bf sp=0x00000000188be2b8 mode 0


Dynamic libraries:
0x00007ff7a7840000 - 0x00007ff7a7874000 	C:\Program Files\Java\jdk1.8.0_25\bin\java.exe
0x00007ffb4ccb0000 - 0x00007ffb4ce71000 	C:\WINDOWS\SYSTEM32\ntdll.dll
0x00007ffb4a8a0000 - 0x00007ffb4a94d000 	C:\WINDOWS\system32\KERNEL32.DLL
0x00007ffb499b0000 - 0x00007ffb49b98000 	C:\WINDOWS\system32\KERNELBASE.dll
0x00007ffb4b2d0000 - 0x00007ffb4b377000 	C:\WINDOWS\system32\ADVAPI32.dll
0x00007ffb4a800000 - 0x00007ffb4a89d000 	C:\WINDOWS\system32\msvcrt.dll
0x00007ffb4acc0000 - 0x00007ffb4ad1b000 	C:\WINDOWS\system32\sechost.dll
0x00007ffb4b150000 - 0x00007ffb4b26c000 	C:\WINDOWS\system32\RPCRT4.dll
0x00007ffb4a6a0000 - 0x00007ffb4a7f6000 	C:\WINDOWS\system32\USER32.dll
0x00007ffb4b560000 - 0x00007ffb4b6e6000 	C:\WINDOWS\system32\GDI32.dll
0x00007ffb462e0000 - 0x00007ffb46554000 	C:\WINDOWS\WinSxS\amd64_microsoft.windows.common-controls_6595b64144ccf1df_6.0.10586.0_none_8c15ae12515e1c22\COMCTL32.dll
0x00007ffb4ad60000 - 0x00007ffb4afdd000 	C:\WINDOWS\system32\combase.dll
0x00007ffb49db0000 - 0x00007ffb49e1a000 	C:\WINDOWS\system32\bcryptPrimitives.dll
0x00007ffb4ad20000 - 0x00007ffb4ad5b000 	C:\WINDOWS\system32\IMM32.DLL
0x00007ffb48430000 - 0x00007ffb48557000 	C:\PROGRA~1\NVIDIA~1\NVSTRE~1\rxinput.dll
0x00007ffb4a4e0000 - 0x00007ffb4a623000 	C:\WINDOWS\system32\ole32.dll
0x00007ffb4b6f0000 - 0x00007ffb4cc4f000 	C:\WINDOWS\system32\SHELL32.dll
0x00007ffb49c50000 - 0x00007ffb49c93000 	C:\WINDOWS\system32\cfgmgr32.dll
0x00007ffb49360000 - 0x00007ffb499a4000 	C:\WINDOWS\system32\windows.storage.dll
0x00007ffb4ab20000 - 0x00007ffb4ab72000 	C:\WINDOWS\system32\shlwapi.dll
0x00007ffb492d0000 - 0x00007ffb492df000 	C:\WINDOWS\system32\kernel.appcore.dll
0x00007ffb49e20000 - 0x00007ffb49ed5000 	C:\WINDOWS\system32\shcore.dll
0x00007ffb492f0000 - 0x00007ffb4933b000 	C:\WINDOWS\system32\powrprof.dll
0x00007ffb49340000 - 0x00007ffb49354000 	C:\WINDOWS\system32\profapi.dll
0x00007ffb4ab80000 - 0x00007ffb4ac41000 	C:\WINDOWS\system32\OLEAUT32.dll
0x00007ffb4a0b0000 - 0x00007ffb4a4d9000 	C:\WINDOWS\system32\SETUPAPI.dll
0x00007ffb47050000 - 0x00007ffb47082000 	C:\Program Files (x86)\AVG\Av\avghooka.dll
0x0000000072b00000 - 0x0000000072bd2000 	C:\Program Files\Java\jdk1.8.0_25\jre\bin\msvcr100.dll
0x0000000072f30000 - 0x000000007378a000 	C:\Program Files\Java\jdk1.8.0_25\jre\bin\server\jvm.dll
0x00007ffb4b390000 - 0x00007ffb4b398000 	C:\WINDOWS\system32\PSAPI.DLL
0x00007ffb45940000 - 0x00007ffb45949000 	C:\WINDOWS\SYSTEM32\WSOCK32.dll
0x00007ffb4ac50000 - 0x00007ffb4acbb000 	C:\WINDOWS\system32\WS2_32.dll
0x00007ffb46160000 - 0x00007ffb46183000 	C:\WINDOWS\SYSTEM32\WINMM.dll
0x00007ffb46080000 - 0x00007ffb460ac000 	C:\WINDOWS\SYSTEM32\WINMMBASE.dll
0x0000000073f00000 - 0x0000000073f0f000 	C:\Program Files\Java\jdk1.8.0_25\jre\bin\verify.dll
0x0000000072f00000 - 0x0000000072f28000 	C:\Program Files\Java\jdk1.8.0_25\jre\bin\java.dll
0x0000000073ee0000 - 0x0000000073ef6000 	C:\Program Files\Java\jdk1.8.0_25\jre\bin\zip.dll
0x00007ffb411d0000 - 0x00007ffb4135c000 	C:\WINDOWS\SYSTEM32\dbghelp.dll

VM Arguments:
jvm_args: -Djava.awt.headless=true -Xmx1024M -Dfile.encoding=windows-1252 -Duser.country=GB -Duser.language=en -Duser.variant 
java_command: com.android.dx.command.Main --dex --num-threads=4 --output C:\Users\tien\AndroidStudioProjects\MyApplication\app\build\intermediates\pre-dexed\debug\internal_impl-23.1.1_1ba7bff13d67059bbf5efd654e0b8eab4050b987.jar C:\Users\tien\AndroidStudioProjects\MyApplication\app\build\intermediates\exploded-aar\com.android.support\support-v4\23.1.1\jars\libs\internal_impl-23.1.1.jar
java_class_path (initial): C:\Users\tien\AppData\Local\Android\sdk\build-tools\23.0.2\lib\dx.jar
Launcher Type: SUN_STANDARD

Environment Variables:
JAVA_HOME=C:\Program Files\Java\jdk1.8.0_25
PATH=C:\ProgramData\Oracle\Java\javapath;C:\WINDOWS\system32;C:\WINDOWS;C:\WINDOWS\System32\Wbem;C:\WINDOWS\System32\WindowsPowerShell\v1.0\;C:\Program Files (x86)\Microsoft SQL Server\100\Tools\Binn\;C:\Program Files\Microsoft SQL Server\100\Tools\Binn\;C:\Program Files\Microsoft SQL Server\100\DTS\Binn\;C:\Program Files (x86)\Windows Live\Shared;C:\Program Files\Microsoft\Web Platform Installer\;C:\Program Files (x86)\Microsoft ASP.NET\ASP.NET Web Pages\v1.0\;C:\Program Files (x86)\Windows Kits\8.0\Windows Performance Toolkit\;C:\Program Files\Microsoft SQL Server\110\Tools\Binn\;C:\Program Files (x86)\Livestreamer;C:\Program Files\nodejs\;C:\Program Files (x86)\NVIDIA Corporation\PhysX\Common;C:\WINDOWS\system32;C:\WINDOWS;C:\WINDOWS\System32\Wbem;C:\WINDOWS\System32\WindowsPowerShell\v1.0\;C:\Program Files (x86)\Skype\Phone\;C:\Users\tien\AppData\Roaming\npm;C:\Users\tien\AppData\Local\.meteor\
USERNAME=tien
OS=Windows_NT
PROCESSOR_IDENTIFIER=Intel64 Family 6 Model 42 Stepping 7, GenuineIntel



---------------  S Y S T E M  ---------------

OS: Windows 8.1 , 64 bit Build 9600 

CPU:total 8 (4 cores per cpu, 2 threads per core) family 6 model 42 stepping 7, cmov, cx8, fxsr, mmx, sse, sse2, sse3, ssse3, sse4.1, sse4.2, popcnt, avx, aes, clmul, ht, tsc, tscinvbit

Memory: 4k page, physical 8363084k(917484k free), swap 13074508k(610544k free)

vm_info: Java HotSpot(TM) 64-Bit Server VM (25.25-b02) for windows-amd64 JRE (1.8.0_25-b18), built on Oct  7 2014 14:25:37 by "java_re" with MS VC++ 10.0 (VS2010)

time: Sun Jan 03 02:41:39 2016
elapsed time: 8 seconds (0d 0h 0m 8s)

