#
# There is insufficient memory for the Java Runtime Environment to continue.
# Native memory allocation (malloc) failed to allocate 1603696 bytes for Chunk::new
# Possible reasons:
#   The system is out of physical RAM or swap space
#   In 32 bit mode, the process size limit was hit
# Possible solutions:
#   Reduce memory load on the system
#   Increase physical memory or swap space
#   Check if swap backing store is full
#   Use 64 bit Java on a 64 bit OS
#   Decrease Java heap size (-Xmx/-Xms)
#   Decrease number of Java threads
#   Decrease Java thread stack sizes (-Xss)
#   Set larger code cache with -XX:ReservedCodeCacheSize=
# This output file may be truncated or incomplete.
#
#  Out of Memory Error (allocation.cpp:390), pid=3772, tid=15408
#
# JRE version: Java(TM) SE Runtime Environment (8.0_25-b18) (build 1.8.0_25-b18)
# Java VM: Java HotSpot(TM) 64-Bit Server VM (25.25-b02 mixed mode windows-amd64 compressed oops)
# Failed to write core dump. Minidumps are not enabled by default on client versions of Windows
#

---------------  T H R E A D  ---------------

Current thread (0x00000000170b3000):  JavaThread "C2 CompilerThread2" daemon [_thread_in_native, id=15408, stack(0x0000000017840000,0x0000000017940000)]

Stack: [0x0000000017840000,0x0000000017940000]
Native frames: (J=compiled Java code, j=interpreted, Vv=VM code, C=native code)
V  [jvm.dll+0x31667a]
V  [jvm.dll+0x267073]
V  [jvm.dll+0x267cb3]
V  [jvm.dll+0x25f5b5]
V  [jvm.dll+0xbf165]
V  [jvm.dll+0xbf60c]
V  [jvm.dll+0x45d672]
V  [jvm.dll+0x49e8ef]
V  [jvm.dll+0x452b41]
V  [jvm.dll+0x453864]
V  [jvm.dll+0x437372]
V  [jvm.dll+0x98a02]
V  [jvm.dll+0x991f3]
V  [jvm.dll+0x22bde4]
V  [jvm.dll+0x2852fa]
C  [msvcr100.dll+0x21d9f]
C  [msvcr100.dll+0x21e3b]
C  [KERNEL32.DLL+0x18102]
C  [ntdll.dll+0x5c2e4]


Current CompileTask:
C2:   3927 1196   !   4       com.android.dx.cf.code.BytecodeArray::parseInstruction (2764 bytes)


---------------  P R O C E S S  ---------------

Java Threads: ( => current thread )
  0x0000000017404000 JavaThread "pool-1-thread-4" [_thread_blocked, id=1756, stack(0x0000000018840000,0x0000000018940000)]
  0x00000000173a0800 JavaThread "pool-1-thread-3" [_thread_blocked, id=14248, stack(0x0000000018740000,0x0000000018840000)]
  0x000000001739f800 JavaThread "pool-1-thread-2" [_thread_blocked, id=12724, stack(0x0000000018640000,0x0000000018740000)]
  0x0000000017331800 JavaThread "pool-2-thread-1" [_thread_blocked, id=14560, stack(0x0000000018540000,0x0000000018640000)]
  0x00000000172fe000 JavaThread "pool-1-thread-1" [_thread_blocked, id=992, stack(0x0000000018440000,0x0000000018540000)]
  0x0000000017109000 JavaThread "Service Thread" daemon [_thread_blocked, id=2652, stack(0x0000000017a40000,0x0000000017b40000)]
  0x00000000170b9000 JavaThread "C1 CompilerThread3" daemon [_thread_blocked, id=5484, stack(0x0000000017940000,0x0000000017a40000)]
=>0x00000000170b3000 JavaThread "C2 CompilerThread2" daemon [_thread_in_native, id=15408, stack(0x0000000017840000,0x0000000017940000)]
  0x000000001706a800 JavaThread "C2 CompilerThread1" daemon [_thread_in_native, id=12532, stack(0x0000000017740000,0x0000000017840000)]
  0x0000000017067000 JavaThread "C2 CompilerThread0" daemon [_thread_in_native, id=11268, stack(0x0000000017640000,0x0000000017740000)]
  0x0000000017066000 JavaThread "Attach Listener" daemon [_thread_blocked, id=14144, stack(0x0000000017540000,0x0000000017640000)]
  0x0000000017065000 JavaThread "Signal Dispatcher" daemon [_thread_blocked, id=12136, stack(0x0000000017440000,0x0000000017540000)]
  0x0000000000802000 JavaThread "Finalizer" daemon [_thread_blocked, id=14912, stack(0x0000000016f40000,0x0000000017040000)]
  0x0000000000801000 JavaThread "Reference Handler" daemon [_thread_blocked, id=14216, stack(0x0000000016e40000,0x0000000016f40000)]
  0x000000000252d800 JavaThread "main" [_thread_blocked, id=7932, stack(0x00000000023d0000,0x00000000024d0000)]

Other Threads:
  0x0000000015058800 VMThread [stack: 0x0000000016d40000,0x0000000016e40000] [id=8248]
  0x000000001710a000 WatcherThread [stack: 0x0000000017b40000,0x0000000017c40000] [id=15964]

VM state:not at safepoint (normal execution)

VM Mutex/Monitor currently owned by a thread: None

Heap:
 PSYoungGen      total 71680K, used 40786K [0x00000000eab00000, 0x00000000ef600000, 0x0000000100000000)
  eden space 66560K, 53% used [0x00000000eab00000,0x00000000ecdd6650,0x00000000eec00000)
  from space 5120K, 99% used [0x00000000ef100000,0x00000000ef5fe410,0x00000000ef600000)
  to   space 5120K, 0% used [0x00000000eec00000,0x00000000eec00000,0x00000000ef100000)
 ParOldGen       total 87552K, used 5339K [0x00000000c0000000, 0x00000000c5580000, 0x00000000eab00000)
  object space 87552K, 6% used [0x00000000c0000000,0x00000000c0536d00,0x00000000c5580000)
 Metaspace       used 6047K, capacity 7024K, committed 7296K, reserved 1056768K
  class space    used 593K, capacity 616K, committed 640K, reserved 1048576K

Card table byte_map: [0x0000000011900000,0x0000000011b10000] byte_map_base: 0x0000000011300000

Marking Bits: (ParMarkBitMap*) 0x000000006abbd490
 Begin Bits: [0x0000000012470000, 0x0000000013470000)
 End Bits:   [0x0000000013470000, 0x0000000014470000)

Polling page: 0x0000000000610000

CodeCache: size=245760Kb used=5285Kb max_used=5301Kb free=240474Kb
 bounds [0x0000000002540000, 0x0000000002a80000, 0x0000000011540000]
 total_blobs=1643 nmethods=1379 adapters=178
 compilation: enabled

Compilation events (10 events):
Event: 3.745 Thread 0x00000000170b9000 nmethod 1273 0x00000000029f5090 code [0x00000000029f5360, 0x00000000029f5cd8]
Event: 3.745 Thread 0x00000000170b9000 1294       2       com.android.dx.ssa.back.SsaToRop::removePhiFunctions (83 bytes)
Event: 3.746 Thread 0x00000000170b9000 nmethod 1294 0x00000000029f4190 code [0x00000000029f43a0, 0x00000000029f4a28]
Event: 3.746 Thread 0x00000000170b9000 1286       2       com.android.dx.ssa.back.InterferenceGraph::<init> (42 bytes)
Event: 3.747 Thread 0x00000000170b9000 nmethod 1286 0x00000000029f1950 code [0x00000000029f1b00, 0x00000000029f2068]
Event: 3.747 Thread 0x00000000170b9000 1284       2       com.android.dx.ssa.SCCP::replaceConstants (209 bytes)
Event: 3.748 Thread 0x00000000170b9000 nmethod 1284 0x0000000002a02310 code [0x0000000002a02580, 0x0000000002a02d98]
Event: 3.748 Thread 0x00000000170b9000 1292       2       com.android.dx.ssa.SCCP::<init> (142 bytes)
Event: 3.748 Thread 0x00000000170b9000 nmethod 1292 0x0000000002a03990 code [0x0000000002a03b40, 0x0000000002a041e8]
Event: 3.748 Thread 0x00000000170b9000 1275       2       com.android.dx.ssa.DomFront::calcDomFronts (154 bytes)

GC Heap History (4 events):
Event: 1.600 GC heap before
{Heap before GC invocations=1 (full 0):
 PSYoungGen      total 38400K, used 33280K [0x00000000eab00000, 0x00000000ed580000, 0x0000000100000000)
  eden space 33280K, 100% used [0x00000000eab00000,0x00000000ecb80000,0x00000000ecb80000)
  from space 5120K, 0% used [0x00000000ed080000,0x00000000ed080000,0x00000000ed580000)
  to   space 5120K, 0% used [0x00000000ecb80000,0x00000000ecb80000,0x00000000ed080000)
 ParOldGen       total 87552K, used 0K [0x00000000c0000000, 0x00000000c5580000, 0x00000000eab00000)
  object space 87552K, 0% used [0x00000000c0000000,0x00000000c0000000,0x00000000c5580000)
 Metaspace       used 5897K, capacity 6896K, committed 7040K, reserved 1056768K
  class space    used 592K, capacity 616K, committed 640K, reserved 1048576K
Event: 2.098 GC heap after
Heap after GC invocations=1 (full 0):
 PSYoungGen      total 38400K, used 5113K [0x00000000eab00000, 0x00000000ef600000, 0x0000000100000000)
  eden space 33280K, 0% used [0x00000000eab00000,0x00000000eab00000,0x00000000ecb80000)
  from space 5120K, 99% used [0x00000000ecb80000,0x00000000ed07e468,0x00000000ed080000)
  to   space 5120K, 0% used [0x00000000ef100000,0x00000000ef100000,0x00000000ef600000)
 ParOldGen       total 87552K, used 1133K [0x00000000c0000000, 0x00000000c5580000, 0x00000000eab00000)
  object space 87552K, 1% used [0x00000000c0000000,0x00000000c011b580,0x00000000c5580000)
 Metaspace       used 5897K, capacity 6896K, committed 7040K, reserved 1056768K
  class space    used 592K, capacity 616K, committed 640K, reserved 1048576K
}
Event: 2.552 GC heap before
{Heap before GC invocations=2 (full 0):
 PSYoungGen      total 38400K, used 38393K [0x00000000eab00000, 0x00000000ef600000, 0x0000000100000000)
  eden space 33280K, 100% used [0x00000000eab00000,0x00000000ecb80000,0x00000000ecb80000)
  from space 5120K, 99% used [0x00000000ecb80000,0x00000000ed07e468,0x00000000ed080000)
  to   space 5120K, 0% used [0x00000000ef100000,0x00000000ef100000,0x00000000ef600000)
 ParOldGen       total 87552K, used 1133K [0x00000000c0000000, 0x00000000c5580000, 0x00000000eab00000)
  object space 87552K, 1% used [0x00000000c0000000,0x00000000c011b580,0x00000000c5580000)
 Metaspace       used 5989K, capacity 6960K, committed 7040K, reserved 1056768K
  class space    used 593K, capacity 616K, committed 640K, reserved 1048576K
Event: 3.373 GC heap after
Heap after GC invocations=2 (full 0):
 PSYoungGen      total 71680K, used 5113K [0x00000000eab00000, 0x00000000ef600000, 0x0000000100000000)
  eden space 66560K, 0% used [0x00000000eab00000,0x00000000eab00000,0x00000000eec00000)
  from space 5120K, 99% used [0x00000000ef100000,0x00000000ef5fe410,0x00000000ef600000)
  to   space 5120K, 0% used [0x00000000eec00000,0x00000000eec00000,0x00000000ef100000)
 ParOldGen       total 87552K, used 5339K [0x00000000c0000000, 0x00000000c5580000, 0x00000000eab00000)
  object space 87552K, 6% used [0x00000000c0000000,0x00000000c0536d00,0x00000000c5580000)
 Metaspace       used 5989K, capacity 6960K, committed 7040K, reserved 1056768K
  class space    used 593K, capacity 616K, committed 640K, reserved 1048576K
}

Deoptimization events (7 events):
Event: 1.373 Thread 0x000000001739f800 Uncommon trap: reason=unreached action=reinterpret pc=0x00000000028bb7b8 method=java.util.HashMap.putVal(ILjava/lang/Object;Ljava/lang/Object;ZZ)Ljava/lang/Object; @ 193
Event: 1.484 Thread 0x000000000252d800 Uncommon trap: reason=unreached action=reinterpret pc=0x000000000289d35c method=com.android.dx.rop.cst.Constant.compareTo(Lcom/android/dx/rop/cst/Constant;)I @ 12
Event: 2.265 Thread 0x000000000252d800 Uncommon trap: reason=bimorphic action=maybe_recompile pc=0x00000000027a4eec method=java.util.HashMap.getNode(ILjava/lang/Object;)Ljava/util/HashMap$Node; @ 126
Event: 2.265 Thread 0x000000000252d800 Uncommon trap: reason=bimorphic action=maybe_recompile pc=0x00000000027a4eec method=java.util.HashMap.getNode(ILjava/lang/Object;)Ljava/util/HashMap$Node; @ 126
Event: 2.283 Thread 0x000000000252d800 Uncommon trap: reason=bimorphic action=maybe_recompile pc=0x00000000027a4eec method=java.util.HashMap.getNode(ILjava/lang/Object;)Ljava/util/HashMap$Node; @ 126
Event: 2.283 Thread 0x000000000252d800 Uncommon trap: reason=bimorphic action=maybe_recompile pc=0x00000000027a4eec method=java.util.HashMap.getNode(ILjava/lang/Object;)Ljava/util/HashMap$Node; @ 126
Event: 2.283 Thread 0x000000000252d800 Uncommon trap: reason=bimorphic action=maybe_recompile pc=0x000000000277d5d0 method=java.util.HashMap.getNode(ILjava/lang/Object;)Ljava/util/HashMap$Node; @ 126

Internal exceptions (10 events):
Event: 0.876 Thread 0x00000000172fe000 Exception <a 'java/security/PrivilegedActionException'> (0x00000000eb756a70) thrown at [D:\re\workspace\8-2-build-windows-amd64-cygwin\jdk8u25\1677\hotspot\src\share\vm\prims\jvm.cpp, line 1312]
Event: 0.876 Thread 0x00000000172fe000 Exception <a 'java/security/PrivilegedActionException'> (0x00000000eb75c250) thrown at [D:\re\workspace\8-2-build-windows-amd64-cygwin\jdk8u25\1677\hotspot\src\share\vm\prims\jvm.cpp, line 1312]
Event: 0.906 Thread 0x00000000172fe000 Exception <a 'java/security/PrivilegedActionException'> (0x00000000eb7a7330) thrown at [D:\re\workspace\8-2-build-windows-amd64-cygwin\jdk8u25\1677\hotspot\src\share\vm\prims\jvm.cpp, line 1312]
Event: 0.946 Thread 0x00000000172fe000 Exception <a 'java/security/PrivilegedActionException'> (0x00000000eb918ea8) thrown at [D:\re\workspace\8-2-build-windows-amd64-cygwin\jdk8u25\1677\hotspot\src\share\vm\prims\jvm.cpp, line 1312]
Event: 0.960 Thread 0x00000000172fe000 Exception <a 'java/security/PrivilegedActionException'> (0x00000000eb958938) thrown at [D:\re\workspace\8-2-build-windows-amd64-cygwin\jdk8u25\1677\hotspot\src\share\vm\prims\jvm.cpp, line 1312]
Event: 0.964 Thread 0x00000000172fe000 Exception <a 'java/security/PrivilegedActionException'> (0x00000000eb965fa0) thrown at [D:\re\workspace\8-2-build-windows-amd64-cygwin\jdk8u25\1677\hotspot\src\share\vm\prims\jvm.cpp, line 1312]
Event: 1.312 Thread 0x00000000173a0800 Exception <a 'java/security/PrivilegedActionException'> (0x00000000ebb256e0) thrown at [D:\re\workspace\8-2-build-windows-amd64-cygwin\jdk8u25\1677\hotspot\src\share\vm\prims\jvm.cpp, line 1312]
Event: 1.373 Thread 0x000000000252d800 Exception <a 'java/security/PrivilegedActionException'> (0x00000000ec151aa0) thrown at [D:\re\workspace\8-2-build-windows-amd64-cygwin\jdk8u25\1677\hotspot\src\share\vm\prims\jvm.cpp, line 1312]
Event: 1.377 Thread 0x00000000173a0800 Exception <a 'java/security/PrivilegedActionException'> (0x00000000ebf0fa00) thrown at [D:\re\workspace\8-2-build-windows-amd64-cygwin\jdk8u25\1677\hotspot\src\share\vm\prims\jvm.cpp, line 1312]
Event: 1.512 Thread 0x000000000252d800 Exception <a 'java/security/PrivilegedActionException'> (0x00000000ec8edea8) thrown at [D:\re\workspace\8-2-build-windows-amd64-cygwin\jdk8u25\1677\hotspot\src\share\vm\prims\jvm.cpp, line 1312]

Events (10 events):
Event: 2.283 Thread 0x000000000252d800 DEOPT PACKING pc=0x00000000027a4eec sp=0x00000000024ce640
Event: 2.283 Thread 0x000000000252d800 DEOPT UNPACKING pc=0x000000000258556a sp=0x00000000024ce558 mode 2
Event: 2.283 Thread 0x000000000252d800 Uncommon trap: trap_request=0xffffffc6 fr.pc=0x00000000027a4eec
Event: 2.283 Thread 0x000000000252d800 DEOPT PACKING pc=0x00000000027a4eec sp=0x00000000024ce640
Event: 2.283 Thread 0x000000000252d800 DEOPT UNPACKING pc=0x000000000258556a sp=0x00000000024ce558 mode 2
Event: 2.283 Thread 0x000000000252d800 Uncommon trap: trap_request=0xffffffc6 fr.pc=0x000000000277d5d0
Event: 2.283 Thread 0x000000000252d800 DEOPT PACKING pc=0x000000000277d5d0 sp=0x00000000024ce290
Event: 2.283 Thread 0x000000000252d800 DEOPT UNPACKING pc=0x000000000258556a sp=0x00000000024ce218 mode 2
Event: 2.539 Executing VM operation: ParallelGCFailedAllocation
Event: 3.373 Executing VM operation: ParallelGCFailedAllocation done


Dynamic libraries:
0x00007ff6efe00000 - 0x00007ff6efe34000 	C:\Program Files\Java\jdk1.8.0_25\bin\java.exe
0x00007ffcc9250000 - 0x00007ffcc9411000 	C:\WINDOWS\SYSTEM32\ntdll.dll
0x00007ffcc6f50000 - 0x00007ffcc6ffd000 	C:\WINDOWS\system32\KERNEL32.DLL
0x00007ffcc62d0000 - 0x00007ffcc64b8000 	C:\WINDOWS\system32\KERNELBASE.dll
0x00007ffcc8f90000 - 0x00007ffcc9037000 	C:\WINDOWS\system32\ADVAPI32.dll
0x00007ffcc8a90000 - 0x00007ffcc8b2d000 	C:\WINDOWS\system32\msvcrt.dll
0x00007ffcc8a30000 - 0x00007ffcc8a8b000 	C:\WINDOWS\system32\sechost.dll
0x00007ffcc8ce0000 - 0x00007ffcc8dfc000 	C:\WINDOWS\system32\RPCRT4.dll
0x00007ffcc6df0000 - 0x00007ffcc6f46000 	C:\WINDOWS\system32\USER32.dll
0x00007ffcc8e00000 - 0x00007ffcc8f86000 	C:\WINDOWS\system32\GDI32.dll
0x00007ffcc22d0000 - 0x00007ffcc2544000 	C:\WINDOWS\WinSxS\amd64_microsoft.windows.common-controls_6595b64144ccf1df_6.0.10586.0_none_8c15ae12515e1c22\COMCTL32.dll
0x00007ffcc6b60000 - 0x00007ffcc6ddd000 	C:\WINDOWS\system32\combase.dll
0x00007ffcc59b0000 - 0x00007ffcc5a1a000 	C:\WINDOWS\system32\bcryptPrimitives.dll
0x00007ffcc7490000 - 0x00007ffcc74cb000 	C:\WINDOWS\system32\IMM32.DLL
0x00007ffcc55b0000 - 0x00007ffcc56d7000 	C:\PROGRA~1\NVIDIA~1\NVSTRE~1\rxinput.dll
0x00007ffcc6a10000 - 0x00007ffcc6b53000 	C:\WINDOWS\system32\ole32.dll
0x00007ffcc74d0000 - 0x00007ffcc8a2f000 	C:\WINDOWS\system32\SHELL32.dll
0x00007ffcc64e0000 - 0x00007ffcc6523000 	C:\WINDOWS\system32\cfgmgr32.dll
0x00007ffcc5bf0000 - 0x00007ffcc6234000 	C:\WINDOWS\system32\windows.storage.dll
0x00007ffcc7000000 - 0x00007ffcc7052000 	C:\WINDOWS\system32\shlwapi.dll
0x00007ffcc5870000 - 0x00007ffcc587f000 	C:\WINDOWS\system32\kernel.appcore.dll
0x00007ffcc6530000 - 0x00007ffcc65e5000 	C:\WINDOWS\system32\shcore.dll
0x00007ffcc5880000 - 0x00007ffcc58cb000 	C:\WINDOWS\system32\powrprof.dll
0x00007ffcc58d0000 - 0x00007ffcc58e4000 	C:\WINDOWS\system32\profapi.dll
0x00007ffcc6810000 - 0x00007ffcc68d1000 	C:\WINDOWS\system32\OLEAUT32.dll
0x00007ffcc7060000 - 0x00007ffcc7489000 	C:\WINDOWS\system32\SETUPAPI.dll
0x00007ffcb2e60000 - 0x00007ffcb2e92000 	C:\Program Files (x86)\AVG\Av\avghooka.dll
0x000000006a130000 - 0x000000006a202000 	C:\Program Files\Java\jdk1.8.0_25\jre\bin\msvcr100.dll
0x000000006a3e0000 - 0x000000006ac3a000 	C:\Program Files\Java\jdk1.8.0_25\jre\bin\server\jvm.dll
0x00007ffcc6a00000 - 0x00007ffcc6a08000 	C:\WINDOWS\system32\PSAPI.DLL
0x00007ffcbce40000 - 0x00007ffcbce49000 	C:\WINDOWS\SYSTEM32\WSOCK32.dll
0x00007ffcc90d0000 - 0x00007ffcc913b000 	C:\WINDOWS\system32\WS2_32.dll
0x00007ffcc2f30000 - 0x00007ffcc2f53000 	C:\WINDOWS\SYSTEM32\WINMM.dll
0x00007ffcc2a80000 - 0x00007ffcc2aac000 	C:\WINDOWS\SYSTEM32\WINMMBASE.dll
0x000000006ae50000 - 0x000000006ae5f000 	C:\Program Files\Java\jdk1.8.0_25\jre\bin\verify.dll
0x000000006ae20000 - 0x000000006ae48000 	C:\Program Files\Java\jdk1.8.0_25\jre\bin\java.dll
0x000000006ae00000 - 0x000000006ae16000 	C:\Program Files\Java\jdk1.8.0_25\jre\bin\zip.dll
0x00007ffca6630000 - 0x00007ffca67bc000 	C:\WINDOWS\SYSTEM32\dbghelp.dll

VM Arguments:
jvm_args: -Djava.awt.headless=true -Xmx1024M -Dfile.encoding=windows-1252 -Duser.country=GB -Duser.language=en -Duser.variant 
java_command: com.android.dx.command.Main --dex --num-threads=4 --output C:\Users\tien\AndroidStudioProjects\MyApplication\app\build\intermediates\pre-dexed\debug\com.android.support-design-23.1.1_44beff445aa79ccdf3fcb1b76985a66486707794.jar C:\Users\tien\AndroidStudioProjects\MyApplication\app\build\intermediates\exploded-aar\com.android.support\design\23.1.1\jars\classes.jar
java_class_path (initial): C:\Users\tien\AppData\Local\Android\sdk\build-tools\23.0.2\lib\dx.jar
Launcher Type: SUN_STANDARD

Environment Variables:
JAVA_HOME=C:\Program Files\Java\jdk1.8.0_25
PATH=C:\ProgramData\Oracle\Java\javapath;C:\WINDOWS\system32;C:\WINDOWS;C:\WINDOWS\System32\Wbem;C:\WINDOWS\System32\WindowsPowerShell\v1.0\;C:\Program Files (x86)\Microsoft SQL Server\100\Tools\Binn\;C:\Program Files\Microsoft SQL Server\100\Tools\Binn\;C:\Program Files\Microsoft SQL Server\100\DTS\Binn\;C:\Program Files (x86)\Windows Live\Shared;C:\Program Files\Microsoft\Web Platform Installer\;C:\Program Files (x86)\Microsoft ASP.NET\ASP.NET Web Pages\v1.0\;C:\Program Files (x86)\Windows Kits\8.0\Windows Performance Toolkit\;C:\Program Files\Microsoft SQL Server\110\Tools\Binn\;C:\Program Files (x86)\Livestreamer;C:\Program Files\nodejs\;C:\Program Files (x86)\NVIDIA Corporation\PhysX\Common;C:\WINDOWS\system32;C:\WINDOWS;C:\WINDOWS\System32\Wbem;C:\WINDOWS\System32\WindowsPowerShell\v1.0\;C:\Program Files (x86)\Skype\Phone\;C:\Users\tien\AppData\Roaming\npm;C:\Users\tien\AppData\Local\.meteor\
USERNAME=tien
OS=Windows_NT
PROCESSOR_IDENTIFIER=Intel64 Family 6 Model 42 Stepping 7, GenuineIntel



---------------  S Y S T E M  ---------------

OS: Windows 8.1 , 64 bit Build 9600 

CPU:total 8 (4 cores per cpu, 2 threads per core) family 6 model 42 stepping 7, cmov, cx8, fxsr, mmx, sse, sse2, sse3, ssse3, sse4.1, sse4.2, popcnt, avx, aes, clmul, ht, tsc, tscinvbit

Memory: 4k page, physical 8363084k(1294828k free), swap 13074508k(22336k free)

vm_info: Java HotSpot(TM) 64-Bit Server VM (25.25-b02) for windows-amd64 JRE (1.8.0_25-b18), built on Oct  7 2014 14:25:37 by "java_re" with MS VC++ 10.0 (VS2010)

time: Wed Jan 06 23:41:28 2016
elapsed time: 3 seconds (0d 0h 0m 3s)

