#
# There is insufficient memory for the Java Runtime Environment to continue.
# Native memory allocation (malloc) failed to allocate 892976 bytes for Chunk::new
# Possible reasons:
#   The system is out of physical RAM or swap space
#   In 32 bit mode, the process size limit was hit
# Possible solutions:
#   Reduce memory load on the system
#   Increase physical memory or swap space
#   Check if swap backing store is full
#   Use 64 bit Java on a 64 bit OS
#   Decrease Java heap size (-Xmx/-Xms)
#   Decrease number of Java threads
#   Decrease Java thread stack sizes (-Xss)
#   Set larger code cache with -XX:ReservedCodeCacheSize=
# This output file may be truncated or incomplete.
#
#  Out of Memory Error (allocation.cpp:390), pid=6836, tid=7160
#
# JRE version: Java(TM) SE Runtime Environment (8.0_25-b18) (build 1.8.0_25-b18)
# Java VM: Java HotSpot(TM) 64-Bit Server VM (25.25-b02 mixed mode windows-amd64 compressed oops)
# Failed to write core dump. Minidumps are not enabled by default on client versions of Windows
#

---------------  T H R E A D  ---------------

Current thread (0x0000000016fa9800):  JavaThread "C2 CompilerThread1" daemon [_thread_in_native, id=7160, stack(0x0000000017680000,0x0000000017780000)]

Stack: [0x0000000017680000,0x0000000017780000]
Native frames: (J=compiled Java code, j=interpreted, Vv=VM code, C=native code)
V  [jvm.dll+0x31667a]
V  [jvm.dll+0x267073]
V  [jvm.dll+0x267cb3]
V  [jvm.dll+0x25f5b5]
V  [jvm.dll+0xbf165]
V  [jvm.dll+0xbf60c]
V  [jvm.dll+0x45d672]
V  [jvm.dll+0x49e8ef]
V  [jvm.dll+0x452b41]
V  [jvm.dll+0x453864]
V  [jvm.dll+0x437372]
V  [jvm.dll+0x98a02]
V  [jvm.dll+0x991f3]
V  [jvm.dll+0x22bde4]
V  [jvm.dll+0x2852fa]
C  [msvcr100.dll+0x21d9f]
C  [msvcr100.dll+0x21e3b]
C  [KERNEL32.DLL+0x18102]
C  [ntdll.dll+0x5c2e4]


Current CompileTask:
C2:   8702 1451       4       com.android.dx.ssa.LocalVariableExtractor::processBlock (383 bytes)


---------------  P R O C E S S  ---------------

Java Threads: ( => current thread )
  0x000000001730f000 JavaThread "pool-1-thread-4" [_thread_blocked, id=13808, stack(0x0000000018780000,0x0000000018880000)]
  0x0000000017c7f800 JavaThread "pool-1-thread-3" [_thread_blocked, id=12360, stack(0x0000000018680000,0x0000000018780000)]
  0x0000000017c7c800 JavaThread "pool-1-thread-2" [_thread_in_Java, id=11080, stack(0x0000000018580000,0x0000000018680000)]
  0x000000001731e800 JavaThread "pool-2-thread-1" [_thread_blocked, id=8224, stack(0x0000000018480000,0x0000000018580000)]
  0x000000001731d800 JavaThread "pool-1-thread-1" [_thread_blocked, id=4872, stack(0x0000000018380000,0x0000000018480000)]
  0x0000000017046000 JavaThread "Service Thread" daemon [_thread_blocked, id=2652, stack(0x0000000017980000,0x0000000017a80000)]
  0x0000000016fb0800 JavaThread "C1 CompilerThread3" daemon [_thread_in_native, id=9288, stack(0x0000000017880000,0x0000000017980000)]
  0x0000000016fab000 JavaThread "C2 CompilerThread2" daemon [_thread_in_native, id=8748, stack(0x0000000017780000,0x0000000017880000)]
=>0x0000000016fa9800 JavaThread "C2 CompilerThread1" daemon [_thread_in_native, id=7160, stack(0x0000000017680000,0x0000000017780000)]
  0x0000000016fa6000 JavaThread "C2 CompilerThread0" daemon [_thread_in_native, id=5288, stack(0x0000000017580000,0x0000000017680000)]
  0x0000000016fa5000 JavaThread "Attach Listener" daemon [_thread_blocked, id=7672, stack(0x0000000017480000,0x0000000017580000)]
  0x0000000016fa4000 JavaThread "Signal Dispatcher" daemon [_thread_blocked, id=3972, stack(0x0000000017380000,0x0000000017480000)]
  0x00000000009c7800 JavaThread "Finalizer" daemon [_thread_blocked, id=6428, stack(0x0000000016e80000,0x0000000016f80000)]
  0x00000000009c1000 JavaThread "Reference Handler" daemon [_thread_blocked, id=8288, stack(0x0000000016d80000,0x0000000016e80000)]
  0x000000000249d800 JavaThread "main" [_thread_in_Java, id=3012, stack(0x0000000002390000,0x0000000002490000)]

Other Threads:
  0x0000000014fb8800 VMThread [stack: 0x0000000016c80000,0x0000000016d80000] [id=14072]
  0x0000000017049000 WatcherThread [stack: 0x0000000017a80000,0x0000000017b80000] [id=7164]

VM state:not at safepoint (normal execution)

VM Mutex/Monitor currently owned by a thread: None

Heap:
 PSYoungGen      total 71680K, used 67161K [0x00000000eab00000, 0x00000000f5700000, 0x0000000100000000)
  eden space 66560K, 93% used [0x00000000eab00000,0x00000000ee79d158,0x00000000eec00000)
  from space 5120K, 99% used [0x00000000eec00000,0x00000000ef0f9480,0x00000000ef100000)
  to   space 21504K, 0% used [0x00000000f4200000,0x00000000f4200000,0x00000000f5700000)
 ParOldGen       total 87552K, used 33577K [0x00000000c0000000, 0x00000000c5580000, 0x00000000eab00000)
  object space 87552K, 38% used [0x00000000c0000000,0x00000000c20ca6b8,0x00000000c5580000)
 Metaspace       used 6239K, capacity 7128K, committed 7424K, reserved 1056768K
  class space    used 613K, capacity 656K, committed 768K, reserved 1048576K

Card table byte_map: [0x0000000011860000,0x0000000011a70000] byte_map_base: 0x0000000011260000

Marking Bits: (ParMarkBitMap*) 0x000000007370d490
 Begin Bits: [0x00000000123d0000, 0x00000000133d0000)
 End Bits:   [0x00000000133d0000, 0x00000000143d0000)

Polling page: 0x0000000000620000

CodeCache: size=245760Kb used=6044Kb max_used=6044Kb free=239715Kb
 bounds [0x00000000024a0000, 0x0000000002a90000, 0x00000000114a0000]
 total_blobs=1767 nmethods=1503 adapters=178
 compilation: enabled

Compilation events (10 events):
Event: 6.968 Thread 0x0000000016fb0800 1496   !   3       com.android.dx.cf.code.Merger::mergeStack (192 bytes)
Event: 6.970 Thread 0x0000000016fb0800 nmethod 1496 0x0000000002a7fdd0 code [0x0000000002a80160, 0x0000000002a820d8]
Event: 6.970 Thread 0x0000000016fb0800 1497       3       com.android.dx.cf.code.Frame::mergeSubroutineLists (90 bytes)
Event: 6.970 Thread 0x0000000016fb0800 nmethod 1497 0x0000000002a83210 code [0x0000000002a833e0, 0x0000000002a83cc8]
Event: 6.973 Thread 0x0000000016fb0800 1498       3       java.util.Collections::unmodifiableCollection (9 bytes)
Event: 6.974 Thread 0x0000000016fb0800 nmethod 1498 0x0000000002a83fd0 code [0x0000000002a84140, 0x0000000002a84468]
Event: 6.995 Thread 0x0000000016fb0800 1499       3       com.android.dx.ssa.SCCP::replaceBranches (142 bytes)
Event: 6.996 Thread 0x0000000016fb0800 nmethod 1499 0x0000000002a845d0 code [0x0000000002a84820, 0x0000000002a857c8]
Event: 6.997 Thread 0x0000000016fb0800 1500       3       com.android.dx.ssa.Dominators::<init> (55 bytes)
Event: 6.997 Thread 0x0000000016fb0800 nmethod 1500 0x0000000002a85ed0 code [0x0000000002a86060, 0x0000000002a865b0]

GC Heap History (2 events):
Event: 5.628 GC heap before
{Heap before GC invocations=1 (full 0):
 PSYoungGen      total 38400K, used 33280K [0x00000000eab00000, 0x00000000ed580000, 0x0000000100000000)
  eden space 33280K, 100% used [0x00000000eab00000,0x00000000ecb80000,0x00000000ecb80000)
  from space 5120K, 0% used [0x00000000ed080000,0x00000000ed080000,0x00000000ed580000)
  to   space 5120K, 0% used [0x00000000ecb80000,0x00000000ecb80000,0x00000000ed080000)
 ParOldGen       total 87552K, used 0K [0x00000000c0000000, 0x00000000c5580000, 0x00000000eab00000)
  object space 87552K, 0% used [0x00000000c0000000,0x00000000c0000000,0x00000000c5580000)
 Metaspace       used 5876K, capacity 6832K, committed 7040K, reserved 1056768K
  class space    used 590K, capacity 616K, committed 640K, reserved 1048576K
Event: 5.956 GC heap after
Heap after GC invocations=1 (full 0):
 PSYoungGen      total 38400K, used 4917K [0x00000000eab00000, 0x00000000ef600000, 0x0000000100000000)
  eden space 33280K, 0% used [0x00000000eab00000,0x00000000eab00000,0x00000000ecb80000)
  from space 5120K, 96% used [0x00000000ecb80000,0x00000000ed04d670,0x00000000ed080000)
  to   space 5120K, 0% used [0x00000000ef100000,0x00000000ef100000,0x00000000ef600000)
 ParOldGen       total 87552K, used 0K [0x00000000c0000000, 0x00000000c5580000, 0x00000000eab00000)
  object space 87552K, 0% used [0x00000000c0000000,0x00000000c0000000,0x00000000c5580000)
 Metaspace       used 5876K, capacity 6832K, committed 7040K, reserved 1056768K
  class space    used 590K, capacity 616K, committed 640K, reserved 1048576K
}

Deoptimization events (10 events):
Event: 6.335 Thread 0x000000000249d800 Uncommon trap: reason=class_check action=maybe_recompile pc=0x00000000028a5820 method=com.android.dx.rop.type.Type.equals(Ljava/lang/Object;)Z @ 8
Event: 6.787 Thread 0x0000000017c7f800 Uncommon trap: reason=bimorphic action=maybe_recompile pc=0x00000000029fe864 method=com.android.dx.cf.code.BytecodeArray.parseInstruction(ILcom/android/dx/cf/code/BytecodeArray$Visitor;)I @ 2135
Event: 6.788 Thread 0x0000000017c7f800 Uncommon trap: reason=bimorphic action=maybe_recompile pc=0x00000000029fe864 method=com.android.dx.cf.code.BytecodeArray.parseInstruction(ILcom/android/dx/cf/code/BytecodeArray$Visitor;)I @ 2135
Event: 6.788 Thread 0x0000000017c7f800 Uncommon trap: reason=class_check action=maybe_recompile pc=0x00000000028a5820 method=com.android.dx.rop.type.Type.equals(Ljava/lang/Object;)Z @ 8
Event: 6.789 Thread 0x0000000017c7f800 Uncommon trap: reason=null_check action=make_not_entrant pc=0x00000000028a5830 method=com.android.dx.rop.type.Type.equals(Ljava/lang/Object;)Z @ 8
Event: 6.884 Thread 0x0000000017c7f800 Uncommon trap: reason=unreached action=reinterpret pc=0x00000000029510a0 method=com.android.dx.util.LabeledList.set(ILcom/android/dx/util/LabeledItem;)V @ 16
Event: 6.918 Thread 0x000000001731d800 Uncommon trap: reason=class_check action=maybe_recompile pc=0x000000000282022c method=com.android.dx.rop.type.Type.equals(Ljava/lang/Object;)Z @ 8
Event: 6.918 Thread 0x000000001731d800 Uncommon trap: reason=class_check action=maybe_recompile pc=0x000000000282022c method=com.android.dx.rop.type.Type.equals(Ljava/lang/Object;)Z @ 8
Event: 6.925 Thread 0x000000001731d800 Uncommon trap: reason=class_check action=maybe_recompile pc=0x000000000284661c method=com.android.dx.rop.type.Type.equals(Ljava/lang/Object;)Z @ 8
Event: 6.927 Thread 0x000000001731d800 Uncommon trap: reason=bimorphic action=maybe_recompile pc=0x0000000002a19f6c method=com.android.dx.ssa.LiteralOpUpgrader.tryReplacingWithConstant(Lcom/android/dx/ssa/NormalSsaInsn;)Z @ 52

Internal exceptions (10 events):
Event: 4.945 Thread 0x000000001731d800 Exception <a 'java/security/PrivilegedActionException'> (0x00000000ec0408d8) thrown at [D:\re\workspace\8-2-build-windows-amd64-cygwin\jdk8u25\1677\hotspot\src\share\vm\prims\jvm.cpp, line 1312]
Event: 4.946 Thread 0x000000001731d800 Exception <a 'java/security/PrivilegedActionException'> (0x00000000ec046300) thrown at [D:\re\workspace\8-2-build-windows-amd64-cygwin\jdk8u25\1677\hotspot\src\share\vm\prims\jvm.cpp, line 1312]
Event: 4.946 Thread 0x000000001731d800 Exception <a 'java/security/PrivilegedActionException'> (0x00000000ec04ba28) thrown at [D:\re\workspace\8-2-build-windows-amd64-cygwin\jdk8u25\1677\hotspot\src\share\vm\prims\jvm.cpp, line 1312]
Event: 4.972 Thread 0x0000000017c7c800 Exception <a 'java/security/PrivilegedActionException'> (0x00000000ec359bf8) thrown at [D:\re\workspace\8-2-build-windows-amd64-cygwin\jdk8u25\1677\hotspot\src\share\vm\prims\jvm.cpp, line 1312]
Event: 5.203 Thread 0x000000001730f000 Exception <a 'java/security/PrivilegedActionException'> (0x00000000ec299e50) thrown at [D:\re\workspace\8-2-build-windows-amd64-cygwin\jdk8u25\1677\hotspot\src\share\vm\prims\jvm.cpp, line 1312]
Event: 5.241 Thread 0x000000000249d800 Exception <a 'java/security/PrivilegedActionException'> (0x00000000ec0f5710) thrown at [D:\re\workspace\8-2-build-windows-amd64-cygwin\jdk8u25\1677\hotspot\src\share\vm\prims\jvm.cpp, line 1312]
Event: 5.242 Thread 0x000000000249d800 Exception <a 'java/security/PrivilegedActionException'> (0x00000000ec0f7de0) thrown at [D:\re\workspace\8-2-build-windows-amd64-cygwin\jdk8u25\1677\hotspot\src\share\vm\prims\jvm.cpp, line 1312]
Event: 5.270 Thread 0x000000000249d800 Exception <a 'java/security/PrivilegedActionException'> (0x00000000ec664a50) thrown at [D:\re\workspace\8-2-build-windows-amd64-cygwin\jdk8u25\1677\hotspot\src\share\vm\prims\jvm.cpp, line 1312]
Event: 6.789 Thread 0x0000000017c7f800 Implicit null exception at 0x00000000028a5722 to 0x00000000028a5821
Event: 6.916 Thread 0x000000001731d800 Exception <a 'java/security/PrivilegedActionException'> (0x00000000ebd20a78) thrown at [D:\re\workspace\8-2-build-windows-amd64-cygwin\jdk8u25\1677\hotspot\src\share\vm\prims\jvm.cpp, line 1312]

Events (10 events):
Event: 6.918 Thread 0x000000001731d800 DEOPT PACKING pc=0x000000000282022c sp=0x000000001847eaf0
Event: 6.918 Thread 0x000000001731d800 DEOPT UNPACKING pc=0x00000000024e556a sp=0x000000001847ea28 mode 2
Event: 6.925 Thread 0x000000001731d800 Uncommon trap: trap_request=0xffffffde fr.pc=0x000000000284661c
Event: 6.925 Thread 0x000000001731d800 DEOPT PACKING pc=0x000000000284661c sp=0x000000001847e300
Event: 6.925 Thread 0x000000001731d800 DEOPT UNPACKING pc=0x00000000024e556a sp=0x000000001847e018 mode 2
Event: 6.927 Thread 0x000000001731d800 Uncommon trap: trap_request=0xffffffc6 fr.pc=0x0000000002a19f6c
Event: 6.927 Thread 0x000000001731d800 DEOPT PACKING pc=0x0000000002a19f6c sp=0x000000001847eb10
Event: 6.927 Thread 0x000000001731d800 DEOPT UNPACKING pc=0x00000000024e556a sp=0x000000001847e9e8 mode 2
Event: 6.971 Thread 0x000000001731d800 DEOPT PACKING pc=0x00000000028d3bba sp=0x000000001847e9a0
Event: 6.971 Thread 0x000000001731d800 DEOPT UNPACKING pc=0x00000000024e75bf sp=0x000000001847e708 mode 0


Dynamic libraries:
0x00007ff7a7840000 - 0x00007ff7a7874000 	C:\Program Files\Java\jdk1.8.0_25\bin\java.exe
0x00007ffb4ccb0000 - 0x00007ffb4ce71000 	C:\WINDOWS\SYSTEM32\ntdll.dll
0x00007ffb4a8a0000 - 0x00007ffb4a94d000 	C:\WINDOWS\system32\KERNEL32.DLL
0x00007ffb499b0000 - 0x00007ffb49b98000 	C:\WINDOWS\system32\KERNELBASE.dll
0x00007ffb4b2d0000 - 0x00007ffb4b377000 	C:\WINDOWS\system32\ADVAPI32.dll
0x00007ffb4a800000 - 0x00007ffb4a89d000 	C:\WINDOWS\system32\msvcrt.dll
0x00007ffb4acc0000 - 0x00007ffb4ad1b000 	C:\WINDOWS\system32\sechost.dll
0x00007ffb4b150000 - 0x00007ffb4b26c000 	C:\WINDOWS\system32\RPCRT4.dll
0x00007ffb4a6a0000 - 0x00007ffb4a7f6000 	C:\WINDOWS\system32\USER32.dll
0x00007ffb4b560000 - 0x00007ffb4b6e6000 	C:\WINDOWS\system32\GDI32.dll
0x00007ffb462e0000 - 0x00007ffb46554000 	C:\WINDOWS\WinSxS\amd64_microsoft.windows.common-controls_6595b64144ccf1df_6.0.10586.0_none_8c15ae12515e1c22\COMCTL32.dll
0x00007ffb4ad60000 - 0x00007ffb4afdd000 	C:\WINDOWS\system32\combase.dll
0x00007ffb49db0000 - 0x00007ffb49e1a000 	C:\WINDOWS\system32\bcryptPrimitives.dll
0x00007ffb4ad20000 - 0x00007ffb4ad5b000 	C:\WINDOWS\system32\IMM32.DLL
0x00007ffb48430000 - 0x00007ffb48557000 	C:\PROGRA~1\NVIDIA~1\NVSTRE~1\rxinput.dll
0x00007ffb4a4e0000 - 0x00007ffb4a623000 	C:\WINDOWS\system32\ole32.dll
0x00007ffb4b6f0000 - 0x00007ffb4cc4f000 	C:\WINDOWS\system32\SHELL32.dll
0x00007ffb49c50000 - 0x00007ffb49c93000 	C:\WINDOWS\system32\cfgmgr32.dll
0x00007ffb49360000 - 0x00007ffb499a4000 	C:\WINDOWS\system32\windows.storage.dll
0x00007ffb4ab20000 - 0x00007ffb4ab72000 	C:\WINDOWS\system32\shlwapi.dll
0x00007ffb492d0000 - 0x00007ffb492df000 	C:\WINDOWS\system32\kernel.appcore.dll
0x00007ffb49e20000 - 0x00007ffb49ed5000 	C:\WINDOWS\system32\shcore.dll
0x00007ffb492f0000 - 0x00007ffb4933b000 	C:\WINDOWS\system32\powrprof.dll
0x00007ffb49340000 - 0x00007ffb49354000 	C:\WINDOWS\system32\profapi.dll
0x00007ffb4ab80000 - 0x00007ffb4ac41000 	C:\WINDOWS\system32\OLEAUT32.dll
0x00007ffb4a0b0000 - 0x00007ffb4a4d9000 	C:\WINDOWS\system32\SETUPAPI.dll
0x00007ffb47050000 - 0x00007ffb47082000 	C:\Program Files (x86)\AVG\Av\avghooka.dll
0x0000000072b00000 - 0x0000000072bd2000 	C:\Program Files\Java\jdk1.8.0_25\jre\bin\msvcr100.dll
0x0000000072f30000 - 0x000000007378a000 	C:\Program Files\Java\jdk1.8.0_25\jre\bin\server\jvm.dll
0x00007ffb4b390000 - 0x00007ffb4b398000 	C:\WINDOWS\system32\PSAPI.DLL
0x00007ffb45940000 - 0x00007ffb45949000 	C:\WINDOWS\SYSTEM32\WSOCK32.dll
0x00007ffb4ac50000 - 0x00007ffb4acbb000 	C:\WINDOWS\system32\WS2_32.dll
0x00007ffb46160000 - 0x00007ffb46183000 	C:\WINDOWS\SYSTEM32\WINMM.dll
0x00007ffb46080000 - 0x00007ffb460ac000 	C:\WINDOWS\SYSTEM32\WINMMBASE.dll
0x0000000073f00000 - 0x0000000073f0f000 	C:\Program Files\Java\jdk1.8.0_25\jre\bin\verify.dll
0x0000000072f00000 - 0x0000000072f28000 	C:\Program Files\Java\jdk1.8.0_25\jre\bin\java.dll
0x0000000073ee0000 - 0x0000000073ef6000 	C:\Program Files\Java\jdk1.8.0_25\jre\bin\zip.dll
0x00007ffb411d0000 - 0x00007ffb4135c000 	C:\WINDOWS\SYSTEM32\dbghelp.dll

VM Arguments:
jvm_args: -Djava.awt.headless=true -Xmx1024M -Dfile.encoding=windows-1252 -Duser.country=GB -Duser.language=en -Duser.variant 
java_command: com.android.dx.command.Main --dex --num-threads=4 --output C:\Users\tien\AndroidStudioProjects\MyApplication\app\build\intermediates\pre-dexed\debug\com.android.support-support-v4-23.1.1_a1f6d4b3354e62cddbbf615229be6718c86b9a49.jar C:\Users\tien\AndroidStudioProjects\MyApplication\app\build\intermediates\exploded-aar\com.android.support\support-v4\23.1.1\jars\classes.jar
java_class_path (initial): C:\Users\tien\AppData\Local\Android\sdk\build-tools\23.0.2\lib\dx.jar
Launcher Type: SUN_STANDARD

Environment Variables:
JAVA_HOME=C:\Program Files\Java\jdk1.8.0_25
PATH=C:\ProgramData\Oracle\Java\javapath;C:\WINDOWS\system32;C:\WINDOWS;C:\WINDOWS\System32\Wbem;C:\WINDOWS\System32\WindowsPowerShell\v1.0\;C:\Program Files (x86)\Microsoft SQL Server\100\Tools\Binn\;C:\Program Files\Microsoft SQL Server\100\Tools\Binn\;C:\Program Files\Microsoft SQL Server\100\DTS\Binn\;C:\Program Files (x86)\Windows Live\Shared;C:\Program Files\Microsoft\Web Platform Installer\;C:\Program Files (x86)\Microsoft ASP.NET\ASP.NET Web Pages\v1.0\;C:\Program Files (x86)\Windows Kits\8.0\Windows Performance Toolkit\;C:\Program Files\Microsoft SQL Server\110\Tools\Binn\;C:\Program Files (x86)\Livestreamer;C:\Program Files\nodejs\;C:\Program Files (x86)\NVIDIA Corporation\PhysX\Common;C:\WINDOWS\system32;C:\WINDOWS;C:\WINDOWS\System32\Wbem;C:\WINDOWS\System32\WindowsPowerShell\v1.0\;C:\Program Files (x86)\Skype\Phone\;C:\Users\tien\AppData\Roaming\npm;C:\Users\tien\AppData\Local\.meteor\
USERNAME=tien
OS=Windows_NT
PROCESSOR_IDENTIFIER=Intel64 Family 6 Model 42 Stepping 7, GenuineIntel



---------------  S Y S T E M  ---------------

OS: Windows 8.1 , 64 bit Build 9600 

CPU:total 8 (4 cores per cpu, 2 threads per core) family 6 model 42 stepping 7, cmov, cx8, fxsr, mmx, sse, sse2, sse3, ssse3, sse4.1, sse4.2, popcnt, avx, aes, clmul, ht, tsc, tscinvbit

Memory: 4k page, physical 8363084k(917484k free), swap 13074508k(610544k free)

vm_info: Java HotSpot(TM) 64-Bit Server VM (25.25-b02) for windows-amd64 JRE (1.8.0_25-b18), built on Oct  7 2014 14:25:37 by "java_re" with MS VC++ 10.0 (VS2010)

time: Sun Jan 03 02:41:39 2016
elapsed time: 8 seconds (0d 0h 0m 8s)

